#
# There is insufficient memory for the Java Runtime Environment to continue.
# Native memory allocation (malloc) failed to allocate 1048576 bytes for AllocateHeap
# Possible reasons:
#   The system is out of physical RAM or swap space
#   The process is running with CompressedOops enabled, and the Java Heap may be blocking the growth of the native heap
# Possible solutions:
#   Reduce memory load on the system
#   Increase physical memory or swap space
#   Check if swap backing store is full
#   Decrease Java heap size (-Xmx/-Xms)
#   Decrease number of Java threads
#   Decrease Java thread stack sizes (-Xss)
#   Set larger code cache with -XX:ReservedCodeCacheSize=
#   JVM is running with Zero Based Compressed Oops mode in which the Java heap is
#     placed in the first 32GB address space. The Java Heap base address is the
#     maximum limit for the native heap growth. Please use -XX:HeapBaseMinAddress
#     to set the Java Heap base and to place the Java Heap above 32GB virtual address.
# This output file may be truncated or incomplete.
#
#  Out of Memory Error (memory/allocation.inline.hpp:61), pid=12120, tid=0x00000000000022f4
#
# JRE version:  (8.0_211-b12) (build )
# Java VM: Java HotSpot(TM) 64-Bit Server VM (25.211-b12 mixed mode windows-amd64 compressed oops)
# Failed to write core dump. Minidumps are not enabled by default on client versions of Windows
#

---------------  T H R E A D  ---------------

Current thread (0x0000000000dad800):  JavaThread "Unknown thread" [_thread_in_vm, id=8948, stack(0x00000000025b0000,0x00000000026b0000)]

Stack: [0x00000000025b0000,0x00000000026b0000]
[error occurred during error reporting (printing stack bounds), id 0xc0000005]

Native frames: (J=compiled Java code, j=interpreted, Vv=VM code, C=native code)


---------------  P R O C E S S  ---------------

Java Threads: ( => current thread )

Other Threads:

=>0x0000000000dad800 (exited) JavaThread "Unknown thread" [_thread_in_vm, id=8948, stack(0x00000000025b0000,0x00000000026b0000)]

VM state:not at safepoint (normal execution)

VM Mutex/Monitor currently owned by a thread: None

heap address: 0x00000005c2800000, size: 8152 MB, Compressed Oops mode: Zero based, Oop shift amount: 3
Narrow klass base: 0x0000000000000000, Narrow klass shift: 3
Compressed class space size: 1073741824 Address: 0x00000007c0000000

Heap:
 PSYoungGen      total 152576K, used 2621K [0x0000000716300000, 0x0000000720d00000, 0x00000007c0000000)
  eden space 131072K, 2% used [0x0000000716300000,0x000000071658f5d0,0x000000071e300000)
  from space 21504K, 0% used [0x000000071f800000,0x000000071f800000,0x0000000720d00000)
  to   space 21504K, 0% used [0x000000071e300000,0x000000071e300000,0x000000071f800000)
 ParOldGen       total 348160K, used 0K [0x00000005c2800000, 0x00000005d7c00000, 0x0000000716300000)
  object space 348160K, 0% used [0x00000005c2800000,0x00000005c2800000,0x00000005d7c00000)
 Metaspace       used 775K, capacity 4480K, committed 4480K, reserved 1056768K
  class space    used 76K, capacity 384K, committed 384K, reserved 1048576K

Card table byte_map: [0x0000000011c50000,0x0000000012c40000] byte_map_base: 0x000000000ee3c000

Marking Bits: (ParMarkBitMap*) 0x000000005d685ce0
 Begin Bits: [0x0000000013ee0000, 0x000000001be40000)
 End Bits:   [0x000000001be40000, 0x0000000023da0000)

Polling page: 0x00000000008c0000

CodeCache: size=245760Kb used=328Kb max_used=328Kb free=245431Kb
 bounds [0x0000000002890000, 0x0000000002b00000, 0x0000000011890000]
 total_blobs=58 nmethods=0 adapters=38
 compilation: enabled

Compilation events (0 events):
No events

GC Heap History (0 events):
No events

Deoptimization events (0 events):
No events

Classes redefined (0 events):
No events

Internal exceptions (0 events):
No events

Events (10 events):
Event: 0.017 loading class java/lang/Short
Event: 0.018 loading class java/lang/Short done
Event: 0.018 loading class java/lang/Integer
Event: 0.018 loading class java/lang/Integer done
Event: 0.018 loading class java/lang/Long
Event: 0.018 loading class java/lang/Long done
Event: 0.018 loading class java/lang/NullPointerException
Event: 0.018 loading class java/lang/NullPointerException done
Event: 0.018 loading class java/lang/ArithmeticException
Event: 0.018 loading class java/lang/ArithmeticException done


Dynamic libraries:
0x00007ff6e04b0000 - 0x00007ff6e04e7000 	C:\Program Files\Java\jdk1.8.0_211\bin\java.exe
0x00007ffb2d6a0000 - 0x00007ffb2d890000 	C:\Windows\SYSTEM32\ntdll.dll
0x00007ffb2d570000 - 0x00007ffb2d622000 	C:\Windows\System32\KERNEL32.DLL
0x00007ffb2ad90000 - 0x00007ffb2b035000 	C:\Windows\System32\KERNELBASE.dll
0x00007ffb2c710000 - 0x00007ffb2c7b3000 	C:\Windows\System32\ADVAPI32.dll
0x00007ffb2cf30000 - 0x00007ffb2cfce000 	C:\Windows\System32\msvcrt.dll
0x00007ffb2d1f0000 - 0x00007ffb2d287000 	C:\Windows\System32\sechost.dll
0x00007ffb2bd40000 - 0x00007ffb2be5f000 	C:\Windows\System32\RPCRT4.dll
0x00007ffb2c200000 - 0x00007ffb2c394000 	C:\Windows\System32\USER32.dll
0x00007ffb2b720000 - 0x00007ffb2b741000 	C:\Windows\System32\win32u.dll
0x00007ffb2d630000 - 0x00007ffb2d656000 	C:\Windows\System32\GDI32.dll
0x00007ffb2b470000 - 0x00007ffb2b608000 	C:\Windows\System32\gdi32full.dll
0x00007ffb2b1a0000 - 0x00007ffb2b23e000 	C:\Windows\System32\msvcp_win.dll
0x00007ffb2b2d0000 - 0x00007ffb2b3ca000 	C:\Windows\System32\ucrtbase.dll
0x00007ffb1ae10000 - 0x00007ffb1b094000 	C:\Windows\WinSxS\amd64_microsoft.windows.common-controls_6595b64144ccf1df_6.0.18362.1500_none_9e79be6de462295c\COMCTL32.dll
0x00007ffb2bec0000 - 0x00007ffb2c1f6000 	C:\Windows\System32\combase.dll
0x00007ffb2b240000 - 0x00007ffb2b2c1000 	C:\Windows\System32\bcryptPrimitives.dll
0x00007ffb2d540000 - 0x00007ffb2d56e000 	C:\Windows\System32\IMM32.DLL
0x000000005cd80000 - 0x000000005ce52000 	C:\Program Files\Java\jdk1.8.0_211\jre\bin\msvcr100.dll
0x000000005ce60000 - 0x000000005d705000 	C:\Program Files\Java\jdk1.8.0_211\jre\bin\server\jvm.dll
0x00007ffb2d3f0000 - 0x00007ffb2d3f8000 	C:\Windows\System32\PSAPI.DLL
0x00007ffb14e10000 - 0x00007ffb14e19000 	C:\Windows\SYSTEM32\WSOCK32.dll
0x00007ffb271a0000 - 0x00007ffb271c4000 	C:\Windows\SYSTEM32\WINMM.dll
0x00007ffb260e0000 - 0x00007ffb260ea000 	C:\Windows\SYSTEM32\VERSION.dll
0x00007ffb2cfd0000 - 0x00007ffb2d03f000 	C:\Windows\System32\WS2_32.dll
0x00007ffb27170000 - 0x00007ffb2719d000 	C:\Windows\SYSTEM32\winmmbase.dll
0x00007ffb2b3d0000 - 0x00007ffb2b41a000 	C:\Windows\System32\cfgmgr32.dll
0x00007ffb1f5d0000 - 0x00007ffb1f5df000 	C:\Program Files\Java\jdk1.8.0_211\jre\bin\verify.dll
0x00007ffb1e2f0000 - 0x00007ffb1e319000 	C:\Program Files\Java\jdk1.8.0_211\jre\bin\java.dll
0x00007ffb1f5b0000 - 0x00007ffb1f5c6000 	C:\Program Files\Java\jdk1.8.0_211\jre\bin\zip.dll

VM Arguments:
jvm_args: -Dfile.encoding=UTF-8 
java_command: swingexample
java_class_path (initial): C:\Users\TRC\Desktop\javaabstract\build\classes
Launcher Type: SUN_STANDARD

Environment Variables:
PATH=C:\app\TRC\product\11.2.0\client_1\bin;C:\oraclexe\app\oracle\product\11.2.0\server\bin;C:\Program Files (x86)\Common Files\Oracle\Java\javapath;C:\Windows\system32;C:\Windows;C:\Windows\System32\Wbem;C:\Windows\System32\WindowsPowerShell\v1.0\;C:\Windows\System32\OpenSSH\;C:\Program Files\MATLAB\R2014a\runtime\win64;C:\Program Files\MATLAB\R2014a\bin;C:\Program Files\MATLAB\R2014a\polyspace\bin;C:\Program Files\MySQL\MySQL Shell 8.0\bin\;C:\Users\TRC\AppData\Local\Microsoft\WindowsApps;
USERNAME=Students
OS=Windows_NT
PROCESSOR_IDENTIFIER=Intel64 Family 6 Model 158 Stepping 13, GenuineIntel



---------------  S Y S T E M  ---------------

OS: Windows 10.0 , 64 bit Build 18362 (10.0.18362.1500)

CPU:total 8 (initial active 8) (8 cores per cpu, 1 threads per core) family 6 model 158 stepping 13, cmov, cx8, fxsr, mmx, sse, sse2, sse3, ssse3, sse4.1, sse4.2, popcnt, avx, avx2, aes, clmul, erms, 3dnowpref, lzcnt, tsc, tscinvbit, bmi1, bmi2, adx

Memory: 4k page, physical 33389392k(20443892k free), swap 77973708k(6136k free)

vm_info: Java HotSpot(TM) 64-Bit Server VM (25.211-b12) for windows-amd64 JRE (1.8.0_211-b12), built on Apr  1 2019 20:53:26 by "java_re" with MS VC++ 10.0 (VS2010)

time: Thu Sep 30 10:52:12 2021
timezone: India Standard Time
elapsed time: 0 seconds (0d 0h 0m 0s)

